<?xml version="1.0" encoding="UTF-8"?>
<testsuite xmlns:xsi="http://www.w3.org/2001/XMLSchema-instance" xsi:noNamespaceSchemaLocation="https://maven.apache.org/surefire/maven-surefire-plugin/xsd/surefire-test-report.xsd" version="3.0.2" name="com.student_api.Carbajal.CarbajalApplicationTests" time="1.867" tests="1" errors="0" skipped="0" failures="0">
  <properties>
[...]
</properties>
  <testcase name="contextLoads" classname="com.student_api.Carbajal.CarbajalApplicationTests" time="0.47">
    <system-out><![CDATA[18:59:05.610 [main] INFO org.springframework.test.context.support.AnnotationConfigContextLoaderUtils -- Could not detect default configuration classes for test class [com.student_api.Carbajal.CarbajalApplicationTests]: CarbajalApplicationTests does not declare any static, non-private, non-final, nested classes annotated with @Configuration.
18:59:05.694 [main] INFO org.springframework.boot.test.context.SpringBootTestContextBootstrapper -- Found @SpringBootConfiguration com.student_api.Carbajal.CarbajalApplication for test class com.student_api.Carbajal.CarbajalApplicationTests
18:59:05.844 [main] INFO org.springframework.boot.devtools.restart.RestartApplicationListener -- Restart disabled due to context in which it is running

  .   ____          _            __ _ _
 /\\ / ___'_ __ _ _(_)_ __  __ _ \ \ \ \
( ( )\___ | '_ | '_| | '_ \/ _` | \ \ \ \
 \\/  ___)| |_)| | | | | || (_| |  ) ) ) )
  '  |____| .__|_| |_|_| |_\__, | / / / /
 =========|_|==============|___/=/_/_/_/

 :: Spring Boot ::                (v3.5.5)

2025-08-30T18:59:06.061+08:00  INFO 8792 --- [Carbajal] [           main] c.s.Carbajal.CarbajalApplicationTests    : Starting CarbajalApplicationTests using Java 17.0.12 with PID 8792 (started by HH910 in C:\Users\HH910\Desktop\SpringTest2\java-springboot-api\Carbajal)
2025-08-30T18:59:06.062+08:00  INFO 8792 --- [Carbajal] [           main] c.s.Carbajal.CarbajalApplicationTests    : No active profile set, falling back to 1 default profile: "default"
2025-08-30T18:59:06.890+08:00  INFO 8792 --- [Carbajal] [           main] c.s.Carbajal.CarbajalApplicationTests    : Started CarbajalApplicationTests in 1.053 seconds (process running for 1.758)
]]></system-out>
  </testcase>
</testsuite>